  Kolo.cpp
  Linia.cpp
  main.cpp
  Prostokat.cpp
  Silnik.cpp
C:\Users\ARDPC\Desktop\Szkoła\Studia\3 Semestr\Grafika Komputerowa\Silnik2D\Silnik2D\Silnik.cpp(219,31): warning C4244: "inicjowanie": konwersja z "double" do "float", możliwa utrata danych
C:\Users\ARDPC\Desktop\Szkoła\Studia\3 Semestr\Grafika Komputerowa\Silnik2D\Silnik2D\Silnik.cpp(223,146): warning C4244: "argument": konwersja z "const int" do "float", możliwa utrata danych
C:\Users\ARDPC\Desktop\Szkoła\Studia\3 Semestr\Grafika Komputerowa\Silnik2D\Silnik2D\Silnik.cpp(223,125): warning C4244: "argument": konwersja z "const int" do "float", możliwa utrata danych
C:\Users\ARDPC\Desktop\Szkoła\Studia\3 Semestr\Grafika Komputerowa\Silnik2D\Silnik2D\Silnik.cpp(223,95): warning C4244: "argument": konwersja z "const int" do "float", możliwa utrata danych
C:\Users\ARDPC\Desktop\Szkoła\Studia\3 Semestr\Grafika Komputerowa\Silnik2D\Silnik2D\Silnik.cpp(223,76): warning C4244: "argument": konwersja z "const int" do "float", możliwa utrata danych
C:\Users\ARDPC\Desktop\Szkoła\Studia\3 Semestr\Grafika Komputerowa\Silnik2D\Silnik2D\Silnik.cpp(262,32): warning C4244: "=": konwersja z "double" do "float", możliwa utrata danych
C:\Users\ARDPC\Desktop\Szkoła\Studia\3 Semestr\Grafika Komputerowa\Silnik2D\Silnik2D\Silnik.cpp(300,75): warning C4244: "argument": konwersja z "const int" do "float", możliwa utrata danych
C:\Users\ARDPC\Desktop\Szkoła\Studia\3 Semestr\Grafika Komputerowa\Silnik2D\Silnik2D\Silnik.cpp(300,54): warning C4244: "argument": konwersja z "const int" do "float", możliwa utrata danych
C:\Users\ARDPC\Desktop\Szkoła\Studia\3 Semestr\Grafika Komputerowa\Silnik2D\Silnik2D\Silnik.cpp(321,74): warning C4244: "argument": konwersja z "const int" do "float", możliwa utrata danych
C:\Users\ARDPC\Desktop\Szkoła\Studia\3 Semestr\Grafika Komputerowa\Silnik2D\Silnik2D\Silnik.cpp(321,53): warning C4244: "argument": konwersja z "const int" do "float", możliwa utrata danych
C:\Users\ARDPC\Desktop\Szkoła\Studia\3 Semestr\Grafika Komputerowa\Silnik2D\Silnik2D\Silnik.cpp(327,31): warning C4244: "inicjowanie": konwersja z "double" do "float", możliwa utrata danych
C:\Users\ARDPC\Desktop\Szkoła\Studia\3 Semestr\Grafika Komputerowa\Silnik2D\Silnik2D\Silnik.cpp(331,150): warning C4244: "argument": konwersja z "const int" do "float", możliwa utrata danych
C:\Users\ARDPC\Desktop\Szkoła\Studia\3 Semestr\Grafika Komputerowa\Silnik2D\Silnik2D\Silnik.cpp(331,129): warning C4244: "argument": konwersja z "const int" do "float", możliwa utrata danych
C:\Users\ARDPC\Desktop\Szkoła\Studia\3 Semestr\Grafika Komputerowa\Silnik2D\Silnik2D\Silnik.cpp(331,99): warning C4244: "argument": konwersja z "const int" do "float", możliwa utrata danych
C:\Users\ARDPC\Desktop\Szkoła\Studia\3 Semestr\Grafika Komputerowa\Silnik2D\Silnik2D\Silnik.cpp(331,78): warning C4244: "argument": konwersja z "const int" do "float", możliwa utrata danych
  Trojkat.cpp
  Generowanie kodu...
  Silnik2D.vcxproj -> C:\Users\ARDPC\Desktop\Szkoła\Studia\3 Semestr\Grafika Komputerowa\Silnik2D\x64\Debug\Silnik2D.exe
  C:\Users\ARDPC\Desktop\Szkoła\Studia\3 Semestr\Grafika Komputerowa\Silnik2D\packages\SFML-cpp.redist.2.5.1.1\build\native\bin\x64\Debug\openal32.dll
  1 File(s) copied
